<?xml version="1.0" encoding="UTF-8"?>
<!-- Generated by org.testng.reporters.JUnitReportReporter -->
<testsuite hostname="Anshuman-Q45MLFQO" failures="0" tests="1" name="tests.TestsOnLocalAPI" time="1.211" errors="0" timestamp="2023-07-18T23:19:38 IST" skipped="0">
  <testcase classname="tests.TestsOnLocalAPI" name="delete" time="1.211"/>
</testsuite> <!-- tests.TestsOnLocalAPI -->
