<?xml version="1.0" encoding="UTF-8"?>
<!-- Generated by org.testng.reporters.JUnitReportReporter -->
<testsuite hostname="Anshuman-Q45MLFQO" failures="0" tests="2" name="tests.TestsExample" time="3.756" errors="0" timestamp="2023-07-18T19:55:57 IST" skipped="0">
  <testcase classname="tests.TestsExample" name="test_2" time="1.433"/>
  <testcase classname="tests.TestsExample" name="test_1" time="2.323"/>
</testsuite> <!-- tests.TestsExample -->
