<?xml version="1.0" encoding="UTF-8"?>
<!-- Generated by org.testng.reporters.JUnitReportReporter -->
<testsuite hostname="Anshuman-Q45MLFQO" failures="0" tests="1" name="tests.JsonSchemaValidatorUpdated" time="2.557" errors="0" timestamp="2023-07-25T22:04:30 IST" skipped="0">
  <testcase classname="tests.JsonSchemaValidatorUpdated" name="testGet" time="2.557"/>
</testsuite> <!-- tests.JsonSchemaValidatorUpdated -->
