<?xml version="1.0" encoding="UTF-8"?>
<!-- Generated by org.testng.reporters.JUnitReportReporter -->
<testsuite hostname="Anshuman-Q45MLFQO" failures="0" tests="1" name="soapTests.SoapXMLRequest" time="51.734" errors="0" timestamp="2023-07-25T22:47:13 IST" skipped="0">
  <testcase classname="soapTests.SoapXMLRequest" name="soapXMLtest" time="51.734"/>
</testsuite> <!-- soapTests.SoapXMLRequest -->
