<?xml version="1.0" encoding="UTF-8"?>
<!-- Generated by org.testng.reporters.JUnitReportReporter -->
<testsuite hostname="Anshuman-Q45MLFQO" failures="0" tests="2" name="tests.GetPostExamples" time="6.855" errors="0" timestamp="2023-07-18T21:12:17 IST" skipped="0">
  <testcase classname="tests.GetPostExamples" name="testPost" time="5.642"/>
  <testcase classname="tests.GetPostExamples" name="test_get" time="1.213"/>
</testsuite> <!-- tests.GetPostExamples -->
