<?xml version="1.0" encoding="UTF-8"?>
<!-- Generated by org.testng.reporters.JUnitReportReporter -->
<testsuite hostname="Anshuman-Q45MLFQO" failures="0" tests="3" name="tests.PutPatchDeleteExamples" time="10.163" errors="0" timestamp="2023-07-18T21:33:23 IST" skipped="0">
  <testcase classname="tests.PutPatchDeleteExamples" name="testPut" time="2.045"/>
  <testcase classname="tests.PutPatchDeleteExamples" name="testPatch" time="2.142"/>
  <testcase classname="tests.PutPatchDeleteExamples" name="testDelete" time="5.976"/>
</testsuite> <!-- tests.PutPatchDeleteExamples -->
