<?xml version="1.0" encoding="UTF-8"?>
<!-- Generated by org.testng.reporters.JUnitReportReporter -->
<testsuite hostname="Anshuman-Q45MLFQO" failures="0" tests="1" name="tests.JsonSchemaValidatorUpdated" time="3.029" errors="0" timestamp="2023-07-18T23:48:28 IST" skipped="0">
  <testcase classname="tests.JsonSchemaValidatorUpdated" name="testGet" time="3.029"/>
</testsuite> <!-- tests.JsonSchemaValidatorUpdated -->
